#
# A fatal error has been detected by the Java Runtime Environment:
#
#  SIGSEGV (0xb) at pc=0x00000001291018ae, pid=1637, tid=2571
#
# JRE version: Java(TM) SE Runtime Environment (8.0_60-b27) (build 1.8.0_60-b27)
# Java VM: Java HotSpot(TM) 64-Bit Server VM (25.60-b23 mixed mode bsd-amd64 compressed oops)
# Problematic frame:
# C  [libjfxwebkit.dylib+0xe2e8ae]  WTFCrash+0x3e
#
# Failed to write core dump. Core dumps have been disabled. To enable core dumping, try "ulimit -c unlimited" before starting Java again
#
# If you would like to submit a bug report, please visit:
#   http://bugreport.java.com/bugreport/crash.jsp
# The crash happened outside the Java Virtual Machine in native code.
# See problematic frame for where to report the bug.
#

---------------  T H R E A D  ---------------

Current thread (0x00007fe086878000):  JavaThread "JavaFX Application Thread" [_thread_in_native, id=2571, stack(0x00007fff5f1e7000,0x00007fff5f9e7000)]

siginfo: si_signo: 11 (SIGSEGV), si_code: 1 (SEGV_MAPERR), si_addr: 0x00000000bbadbeef

Registers:
RAX=0x00000000bbadbeef, RBX=0x0000000000000001, RCX=0x0000020000000303, RDX=0x0000030000000300
RSP=0x00007fff5f9ddf90, RBP=0x00007fff5f9de0a0, RSI=0x0000000000012068, RDI=0x0000000000000000
R8 =0x0000000000000040, R9 =0x00007fff79a181e0, R10=0xffffffffffffffff, R11=0x0000000000000246
R12=0xffff000000000002, R13=0x00007fff5f9de0f8, R14=0x00007fe0852ae930, R15=0x0000000000000002
RIP=0x00000001291018ae, EFLAGS=0x0000000000010202, ERR=0x0000000000000006
  TRAPNO=0x000000000000000e

Top of Stack: (sp=0x00007fff5f9ddf90)
0x00007fff5f9ddf90:   000000012910189a 000000012913d947
0x00007fff5f9ddfa0:   0000000128d3e573 000000010280e07e
0x00007fff5f9ddfb0:   000000010273ada4 0000000129455bd0
0x00007fff5f9ddfc0:   00007fe0835650e0 000000012406fcb0
0x00007fff5f9ddfd0:   00007fff5f9de0c8 00007fe0835650e0
0x00007fff5f9ddfe0:   00007fff5f9de0b0 0000000129413b80
0x00007fff5f9ddff0:   00007fff5f9de010 00000001017f1992
0x00007fff5f9de000:   0000000100237a00 0000000000000002
0x00007fff5f9de010:   0000000100234000 000000010023b600
0x00007fff5f9de020:   0000000000000001 00007fe08d47f5b2
0x00007fff5f9de030:   00007fff5f9de120 00007fff8fd22a36
0x00007fff5f9de040:   0000000000001006 00000001287af5a4
0x00007fff5f9de050:   00007fe0851715c0 00007fe0871a56c8
0x00007fff5f9de060:   00007fff5f9de150 0000000000000001
0x00007fff5f9de070:   00007fff5f9de0a0 00000001287af6aa
0x00007fff5f9de080:   00000001206e0000 ffffffffffff0000
0x00007fff5f9de090:   00000001206e0000 00007fe0852ae930
0x00007fff5f9de0a0:   00007fff5f9de190 000000012913d947
0x00007fff5f9de0b0:   0000000000001006 00007fff5f9de1d8
0x00007fff5f9de0c0:   00000001206eefb0 000000012406fcb0
0x00007fff5f9de0d0:   000000012406d7b0 0000000101911a27
0x00007fff5f9de0e0:   00007fe086878000 00007fe0836bbda8
0x00007fff5f9de0f0:   00000001206eefb0 0000000800000001
0x00007fff5f9de100:   000000012406fcb0 0000000128d3cc2e
0x00007fff5f9de110:   00007fff5f9de190 00007fe08a4a1550
0x00007fff5f9de120:   00007fff5f9de268 00007fe086878000
0x00007fff5f9de130:   00007fff5f9de160 0000000101922b29
0x00007fff5f9de140:   00007fff5f9de100 0000000000000000
0x00007fff5f9de150:   00007fe08719b800 00007fe0851714a0
0x00007fff5f9de160:   0000000000000000 00007fe0852ae930
0x00007fff5f9de170:   00007fe0852ae930 00007fe0851a5d48
0x00007fff5f9de180:   0000000000000002 00007fe0868781f8 

Instructions: (pc=0x00000001291018ae)
0x000000012910188e:   ff ff be 21 00 00 00 e8 1e fd 49 00 48 8d bd 00
0x000000012910189e:   ff ff ff 8d 70 fe e8 d7 fe ff ff b8 ef be ad bb
0x00000001291018ae:   c7 00 00 00 00 00 0f 0b 66 2e 0f 1f 84 00 00 00
0x00000001291018be:   00 00 55 48 89 e5 48 81 ec 10 01 00 00 48 8b 05 

Register to memory mapping:

RAX=0x00000000bbadbeef is an unknown value
RBX=0x0000000000000001 is an unknown value
RCX=0x0000020000000303 is an unknown value
RDX=0x0000030000000300 is an unknown value
RSP=0x00007fff5f9ddf90 is pointing into the stack for thread: 0x00007fe086878000
RBP=0x00007fff5f9de0a0 is pointing into the stack for thread: 0x00007fe086878000
RSI=0x0000000000012068 is an unknown value
RDI=0x0000000000000000 is an unknown value
R8 =0x0000000000000040 is an unknown value
R9 =0x00007fff79a181e0: __sFX+0x1c0 in /usr/lib/system/libsystem_c.dylib at 0x00007fff9a379000
R10=0xffffffffffffffff is an unknown value
R11=0x0000000000000246 is an unknown value
R12=0xffff000000000002 is an unknown value
R13=0x00007fff5f9de0f8 is pointing into the stack for thread: 0x00007fe086878000
R14=0x00007fe0852ae930 is an unknown value
R15=0x0000000000000002 is an unknown value


Stack: [0x00007fff5f1e7000,0x00007fff5f9e7000],  sp=0x00007fff5f9ddf90,  free space=8155k
Native frames: (J=compiled Java code, j=interpreted, Vv=VM code, C=native code)
C  [libjfxwebkit.dylib+0xe2e8ae]  WTFCrash+0x3e
C  [libjfxwebkit.dylib+0xe6a947]  JSObjectCallAsFunction+0x1b7
C  [libjfxwebkit.dylib+0xa6b573]  Java_com_sun_webkit_dom_JSObject_callImpl+0x253
J 1646  com.sun.webkit.dom.JSObject.callImpl(JILjava/lang/String;[Ljava/lang/Object;Ljava/security/AccessControlContext;)Ljava/lang/Object; (0 bytes) @ 0x000000010280e07e [0x000000010280df80+0xfe]
J 1645 C1 com.sun.webkit.dom.JSObject.call(Ljava/lang/String;[Ljava/lang/Object;)Ljava/lang/Object; (17 bytes) @ 0x000000010273ada4 [0x000000010273aac0+0x2e4]
j  org.netbeans.html.boot.fx.AbstractFXPresenter$JSFn.invokeImpl(Ljava/lang/Object;Z[Ljava/lang/Object;)Ljava/lang/Object;+254
J 2428 C1 org.netbeans.html.boot.fx.AbstractFXPresenter$JSFn.invoke(Ljava/lang/Object;[Ljava/lang/Object;)Ljava/lang/Object; (8 bytes) @ 0x0000000102c6583c [0x0000000102c65740+0xfc]
j  org.netbeans.html.boot.spi.Fn.invokeLater(Ljava/lang/Object;[Ljava/lang/Object;)V+3
j  org.netbeans.html.boot.spi.Fn$1.invokeLater(Ljava/lang/Object;[Ljava/lang/Object;)V+10
j  org.netbeans.html.ko4j.Knockout.clean(Ljava/lang/Object;)V+59
j  org.netbeans.html.ko4j.Knockout.cleanUp()V+19
j  org.netbeans.html.ko4j.KOTech.valueHasMutated(Ljava/lang/Object;Ljava/lang/String;Ljava/lang/Object;Ljava/lang/Object;)V+0
j  org.netbeans.html.json.impl.Bindings.valueHasMutated(Ljava/lang/String;Ljava/lang/Object;Ljava/lang/Object;)V+44
j  org.netbeans.html.json.spi.Proto$2.run()V+29
J 2418 C1 net.java.html.BrwsrCtx$1Wrap.run()V (50 bytes) @ 0x0000000102c5b2b4 [0x0000000102c5aba0+0x714]
J 2417 C1 org.netbeans.html.boot.fx.AbstractFXPresenter.execute(Ljava/lang/Runnable;)V (62 bytes) @ 0x0000000102c5d634 [0x0000000102c5ce60+0x7d4]
J 1797 C1 net.java.html.BrwsrCtx.execute(Ljava/lang/Runnable;)V (40 bytes) @ 0x0000000102b10c14 [0x0000000102b10800+0x414]
j  org.netbeans.html.json.spi.Proto.valueHasMutated(Ljava/lang/String;Ljava/lang/Object;Ljava/lang/Object;)V+15
j  com.dukescript.match3.Tile.setDrop(Ljava/lang/String;)V+37
j  com.dukescript.match3.Tile$Html4JavaType.setValue(Lcom/dukescript/match3/Tile;ILjava/lang/Object;)V+82
j  com.dukescript.match3.Tile$Html4JavaType.setValue(Ljava/lang/Object;ILjava/lang/Object;)V+7
j  org.netbeans.html.json.spi.PropertyBinding$AImpl.setValue(Ljava/lang/Object;)V+20
j  org.netbeans.html.ko4j.Knockout.setValue(ILjava/lang/Object;)V+22
j  org.netbeans.html.ko4j.$JsCallbacks$.raw$org_netbeans_html_ko4j_Knockout$setValue$ILjava_lang_Object_2(Ljava/lang/Object;ILjava/lang/Object;)Ljava/lang/Object;+63
v  ~StubRoutines::call_stub
V  [libjvm.dylib+0x2eab0e]
V  [libjvm.dylib+0x4caf44]
V  [libjvm.dylib+0x4cb478]
V  [libjvm.dylib+0x342cc0]
J 1784  sun.reflect.NativeMethodAccessorImpl.invoke0(Ljava/lang/reflect/Method;Ljava/lang/Object;[Ljava/lang/Object;)Ljava/lang/Object; (0 bytes) @ 0x0000000102b085ad [0x0000000102b084c0+0xed]
J 1783 C1 sun.reflect.NativeMethodAccessorImpl.invoke(Ljava/lang/Object;[Ljava/lang/Object;)Ljava/lang/Object; (104 bytes) @ 0x0000000102b09b54 [0x0000000102b08980+0x11d4]
J 1769 C1 sun.reflect.DelegatingMethodAccessorImpl.invoke(Ljava/lang/Object;[Ljava/lang/Object;)Ljava/lang/Object; (10 bytes) @ 0x0000000102b0198c [0x0000000102b01880+0x10c]
J 1768 C1 java.lang.reflect.Method.invoke(Ljava/lang/Object;[Ljava/lang/Object;)Ljava/lang/Object; (62 bytes) @ 0x0000000102b01394 [0x0000000102b00fa0+0x3f4]
j  sun.reflect.misc.Trampoline.invoke(Ljava/lang/reflect/Method;Ljava/lang/Object;[Ljava/lang/Object;)Ljava/lang/Object;+7
j  sun.reflect.GeneratedMethodAccessor3.invoke(Ljava/lang/Object;[Ljava/lang/Object;)Ljava/lang/Object;+40
J 1769 C1 sun.reflect.DelegatingMethodAccessorImpl.invoke(Ljava/lang/Object;[Ljava/lang/Object;)Ljava/lang/Object; (10 bytes) @ 0x0000000102b0198c [0x0000000102b01880+0x10c]
J 1768 C1 java.lang.reflect.Method.invoke(Ljava/lang/Object;[Ljava/lang/Object;)Ljava/lang/Object; (62 bytes) @ 0x0000000102b01394 [0x0000000102b00fa0+0x3f4]
j  sun.reflect.misc.MethodUtil.invoke(Ljava/lang/reflect/Method;Ljava/lang/Object;[Ljava/lang/Object;)Ljava/lang/Object;+20
j  com.sun.webkit.Utilities.lambda$fwkInvokeWithContext$55(Ljava/lang/reflect/Method;Ljava/lang/Object;[Ljava/lang/Object;)Ljava/lang/Object;+3
j  com.sun.webkit.Utilities$$Lambda$286.run()Ljava/lang/Object;+12
v  ~StubRoutines::call_stub
V  [libjvm.dylib+0x2eab0e]
V  [libjvm.dylib+0x34afd8]
J 473  java.security.AccessController.doPrivileged(Ljava/security/PrivilegedExceptionAction;Ljava/security/AccessControlContext;)Ljava/lang/Object; (0 bytes) @ 0x00000001027a65d5 [0x00000001027a6500+0xd5]
J 1803 C1 com.sun.webkit.Utilities.fwkInvokeWithContext(Ljava/lang/reflect/Method;Ljava/lang/Object;[Ljava/lang/Object;Ljava/security/AccessControlContext;)Ljava/lang/Object; (60 bytes) @ 0x0000000102b13694 [0x0000000102b13220+0x474]
v  ~StubRoutines::call_stub
V  [libjvm.dylib+0x2eab0e]
V  [libjvm.dylib+0x321820]
V  [libjvm.dylib+0x3180dc]
C  [libjfxwebkit.dylib+0x48dc6a]  _ZN7JNIEnv_22CallStaticObjectMethodEP7_jclassP10_jmethodIDz+0x8a
C  [libjfxwebkit.dylib+0x4f48e5]  _ZN3JSC8Bindings15dispatchJNICallEiPNS0_10RootObjectEP8_jobjectbNS0_8JavaTypeEP10_jmethodIDPS4_R6jvalueS4_+0x105
C  [libjfxwebkit.dylib+0x4f2a54]  _ZN3JSC8Bindings12JavaInstance12invokeMethodEPNS_9ExecStateEPNS_13RuntimeMethodE+0x3e4
C  [libjfxwebkit.dylib+0x4f5a25]  _ZN3JSCL17callRuntimeMethodEPNS_9ExecStateE+0xf5
C  [libjfxwebkit.dylib+0x1065295]  _ZN3JSC5LLInt9setUpCallEPNS_9ExecStateEPNS_11InstructionENS_22CodeSpecializationKindENS_7JSValueEPNS_17LLIntCallLinkInfoE+0x1b5
C  [libjfxwebkit.dylib+0x106acda]  llint_op_call+0xe4
C  0x00004042dc9d2687
C  [libjfxwebkit.dylib+0x106ace5]  llint_op_call+0xef
C  0x00004042dca4d745
C  0x00004042dca5d3e8
C  0x00004042dc801e3a
C  0x00004042dca60082
C  0x00004042dc801e3a
C  [libjfxwebkit.dylib+0x1065b47]  callToJavaScript+0x141
C  [libjfxwebkit.dylib+0x101f5f3]  _ZN3JSC7JITCode7executeEPNS_2VMEPNS_14ProtoCallFrameE+0x23
C  [libjfxwebkit.dylib+0xfdc199]  _ZN3JSC11Interpreter11executeCallEPNS_9ExecStateEPNS_8JSObjectENS_8CallTypeERKNS_8CallDataENS_7JSValueERKNS_7ArgListE+0x1b9
C  [libjfxwebkit.dylib+0x110bfde]  _ZN3JSC4callEPNS_9ExecStateENS_7JSValueENS_8CallTypeERKNS_8CallDataES2_RKNS_7ArgListE+0x3e
C  [libjfxwebkit.dylib+0x4999fc]  _ZN7WebCore21JSMainThreadExecState4callEPN3JSC9ExecStateENS1_7JSValueENS1_8CallTypeERKNS1_8CallDataES4_RKNS1_7ArgListE+0x1c
C  [libjfxwebkit.dylib+0x4cad1f]  _ZN7WebCore15ScheduledAction24executeFunctionInContextEPN3JSC14JSGlobalObjectENS1_7JSValueEPNS_22ScriptExecutionContextE+0x1df
C  [libjfxwebkit.dylib+0x4ca8f0]  _ZN7WebCore15ScheduledAction7executeEPNS_8DocumentE+0x90
C  [libjfxwebkit.dylib+0x9a0ba2]  _ZN7WebCore8DOMTimer5firedEv+0xe2
C  [libjfxwebkit.dylib+0xad531d]  _ZN7WebCore12ThreadTimers24sharedTimerFiredInternalEv+0x9d
J 2287  com.sun.webkit.Timer.twkFireTimerEvent()V (0 bytes) @ 0x00000001026ba6ec [0x00000001026ba640+0xac]
J 2286 C1 com.sun.webkit.Timer.fireTimerEvent(J)V (65 bytes) @ 0x00000001029e6b0c [0x00000001029e66c0+0x44c]
J 2283 C1 javafx.scene.web.WebEngine$PulseTimer$$Lambda$103.pulse()V (4 bytes) @ 0x000000010275233c [0x00000001027520a0+0x29c]
J 2130 C1 com.sun.javafx.tk.Toolkit$$Lambda$82.run()Ljava/lang/Object; (8 bytes) @ 0x0000000102bb18cc [0x0000000102bb1780+0x14c]
v  ~StubRoutines::call_stub
V  [libjvm.dylib+0x2eab0e]
V  [libjvm.dylib+0x34afd8]
J 1400  java.security.AccessController.doPrivileged(Ljava/security/PrivilegedAction;Ljava/security/AccessControlContext;)Ljava/lang/Object; (0 bytes) @ 0x0000000102a07615 [0x0000000102a07540+0xd5]
J 2229 C1 com.sun.javafx.tk.Toolkit.firePulse()V (279 bytes) @ 0x0000000102c0dcc4 [0x0000000102c0bcc0+0x2004]
J 2226 C1 com.sun.javafx.tk.quantum.QuantumToolkit.pulse(Z)V (164 bytes) @ 0x0000000102c122d4 [0x0000000102c11c80+0x654]
J 2200 C1 com.sun.javafx.tk.quantum.QuantumToolkit$$Lambda$43.run()V (8 bytes) @ 0x0000000102bd938c [0x0000000102bd9180+0x20c]
J 2114 C1 com.sun.glass.ui.InvokeLaterDispatcher$Future.run()V (91 bytes) @ 0x0000000102baa154 [0x0000000102baa040+0x114]
v  ~StubRoutines::call_stub
V  [libjvm.dylib+0x2eab0e]
V  [libjvm.dylib+0x321bb7]
V  [libjvm.dylib+0x31438b]
C  [libglass.dylib+0x463b]  -[GlassRunnable run]+0x6b
C  [Foundation+0x7754e]  __NSThreadPerformPerform+0x117
C  [CoreFoundation+0xaa621]  __CFRUNLOOP_IS_CALLING_OUT_TO_A_SOURCE0_PERFORM_FUNCTION__+0x11
C  [CoreFoundation+0x89d97]  __CFRunLoopDoSources0+0x1a7
C  [CoreFoundation+0x8933f]  __CFRunLoopRun+0x39f
C  [CoreFoundation+0x88d38]  CFRunLoopRunSpecific+0x128
C  [HIToolbox+0x30d55]  RunCurrentEventLoopInMode+0xeb
C  [HIToolbox+0x30b8f]  ReceiveNextEventCommon+0x1b0
C  [HIToolbox+0x309cf]  _BlockUntilNextEventMatchingListInModeWithFilter+0x47
C  [AppKit+0x49f3a]  _DPSNextEvent+0x42b
C  [AppKit+0x49369]  -[NSApplication _nextEventMatchingEventMask:untilDate:inMode:dequeue:]+0x1c6
C  [AppKit+0x3decc]  -[NSApplication run]+0x2aa
C  [libglass.dylib+0x65ec]  -[GlassApplication runLoop:]+0x72c
...<more frames>...

Java frames: (J=compiled Java code, j=interpreted, Vv=VM code)
J 1646  com.sun.webkit.dom.JSObject.callImpl(JILjava/lang/String;[Ljava/lang/Object;Ljava/security/AccessControlContext;)Ljava/lang/Object; (0 bytes) @ 0x000000010280e004 [0x000000010280df80+0x84]
J 1645 C1 com.sun.webkit.dom.JSObject.call(Ljava/lang/String;[Ljava/lang/Object;)Ljava/lang/Object; (17 bytes) @ 0x000000010273ada4 [0x000000010273aac0+0x2e4]
j  org.netbeans.html.boot.fx.AbstractFXPresenter$JSFn.invokeImpl(Ljava/lang/Object;Z[Ljava/lang/Object;)Ljava/lang/Object;+254
J 2428 C1 org.netbeans.html.boot.fx.AbstractFXPresenter$JSFn.invoke(Ljava/lang/Object;[Ljava/lang/Object;)Ljava/lang/Object; (8 bytes) @ 0x0000000102c6583c [0x0000000102c65740+0xfc]
j  org.netbeans.html.boot.spi.Fn.invokeLater(Ljava/lang/Object;[Ljava/lang/Object;)V+3
j  org.netbeans.html.boot.spi.Fn$1.invokeLater(Ljava/lang/Object;[Ljava/lang/Object;)V+10
j  org.netbeans.html.ko4j.Knockout.clean(Ljava/lang/Object;)V+59
j  org.netbeans.html.ko4j.Knockout.cleanUp()V+19
j  org.netbeans.html.ko4j.KOTech.valueHasMutated(Ljava/lang/Object;Ljava/lang/String;Ljava/lang/Object;Ljava/lang/Object;)V+0
j  org.netbeans.html.json.impl.Bindings.valueHasMutated(Ljava/lang/String;Ljava/lang/Object;Ljava/lang/Object;)V+44
j  org.netbeans.html.json.spi.Proto$2.run()V+29
J 2418 C1 net.java.html.BrwsrCtx$1Wrap.run()V (50 bytes) @ 0x0000000102c5b2b4 [0x0000000102c5aba0+0x714]
J 2417 C1 org.netbeans.html.boot.fx.AbstractFXPresenter.execute(Ljava/lang/Runnable;)V (62 bytes) @ 0x0000000102c5d634 [0x0000000102c5ce60+0x7d4]
J 1797 C1 net.java.html.BrwsrCtx.execute(Ljava/lang/Runnable;)V (40 bytes) @ 0x0000000102b10c14 [0x0000000102b10800+0x414]
j  org.netbeans.html.json.spi.Proto.valueHasMutated(Ljava/lang/String;Ljava/lang/Object;Ljava/lang/Object;)V+15
j  com.dukescript.match3.Tile.setDrop(Ljava/lang/String;)V+37
j  com.dukescript.match3.Tile$Html4JavaType.setValue(Lcom/dukescript/match3/Tile;ILjava/lang/Object;)V+82
j  com.dukescript.match3.Tile$Html4JavaType.setValue(Ljava/lang/Object;ILjava/lang/Object;)V+7
j  org.netbeans.html.json.spi.PropertyBinding$AImpl.setValue(Ljava/lang/Object;)V+20
j  org.netbeans.html.ko4j.Knockout.setValue(ILjava/lang/Object;)V+22
j  org.netbeans.html.ko4j.$JsCallbacks$.raw$org_netbeans_html_ko4j_Knockout$setValue$ILjava_lang_Object_2(Ljava/lang/Object;ILjava/lang/Object;)Ljava/lang/Object;+63
v  ~StubRoutines::call_stub
J 1784  sun.reflect.NativeMethodAccessorImpl.invoke0(Ljava/lang/reflect/Method;Ljava/lang/Object;[Ljava/lang/Object;)Ljava/lang/Object; (0 bytes) @ 0x0000000102b08537 [0x0000000102b084c0+0x77]
J 1783 C1 sun.reflect.NativeMethodAccessorImpl.invoke(Ljava/lang/Object;[Ljava/lang/Object;)Ljava/lang/Object; (104 bytes) @ 0x0000000102b09b54 [0x0000000102b08980+0x11d4]
J 1769 C1 sun.reflect.DelegatingMethodAccessorImpl.invoke(Ljava/lang/Object;[Ljava/lang/Object;)Ljava/lang/Object; (10 bytes) @ 0x0000000102b0198c [0x0000000102b01880+0x10c]
J 1768 C1 java.lang.reflect.Method.invoke(Ljava/lang/Object;[Ljava/lang/Object;)Ljava/lang/Object; (62 bytes) @ 0x0000000102b01394 [0x0000000102b00fa0+0x3f4]
j  sun.reflect.misc.Trampoline.invoke(Ljava/lang/reflect/Method;Ljava/lang/Object;[Ljava/lang/Object;)Ljava/lang/Object;+7
j  sun.reflect.GeneratedMethodAccessor3.invoke(Ljava/lang/Object;[Ljava/lang/Object;)Ljava/lang/Object;+40
J 1769 C1 sun.reflect.DelegatingMethodAccessorImpl.invoke(Ljava/lang/Object;[Ljava/lang/Object;)Ljava/lang/Object; (10 bytes) @ 0x0000000102b0198c [0x0000000102b01880+0x10c]
J 1768 C1 java.lang.reflect.Method.invoke(Ljava/lang/Object;[Ljava/lang/Object;)Ljava/lang/Object; (62 bytes) @ 0x0000000102b01394 [0x0000000102b00fa0+0x3f4]
j  sun.reflect.misc.MethodUtil.invoke(Ljava/lang/reflect/Method;Ljava/lang/Object;[Ljava/lang/Object;)Ljava/lang/Object;+20
j  com.sun.webkit.Utilities.lambda$fwkInvokeWithContext$55(Ljava/lang/reflect/Method;Ljava/lang/Object;[Ljava/lang/Object;)Ljava/lang/Object;+3
j  com.sun.webkit.Utilities$$Lambda$286.run()Ljava/lang/Object;+12
v  ~StubRoutines::call_stub
J 473  java.security.AccessController.doPrivileged(Ljava/security/PrivilegedExceptionAction;Ljava/security/AccessControlContext;)Ljava/lang/Object; (0 bytes) @ 0x00000001027a6563 [0x00000001027a6500+0x63]
J 1803 C1 com.sun.webkit.Utilities.fwkInvokeWithContext(Ljava/lang/reflect/Method;Ljava/lang/Object;[Ljava/lang/Object;Ljava/security/AccessControlContext;)Ljava/lang/Object; (60 bytes) @ 0x0000000102b13694 [0x0000000102b13220+0x474]
v  ~StubRoutines::call_stub
J 2287  com.sun.webkit.Timer.twkFireTimerEvent()V (0 bytes) @ 0x00000001026ba67e [0x00000001026ba640+0x3e]
J 2286 C1 com.sun.webkit.Timer.fireTimerEvent(J)V (65 bytes) @ 0x00000001029e6b0c [0x00000001029e66c0+0x44c]
J 2283 C1 javafx.scene.web.WebEngine$PulseTimer$$Lambda$103.pulse()V (4 bytes) @ 0x000000010275233c [0x00000001027520a0+0x29c]
J 2130 C1 com.sun.javafx.tk.Toolkit$$Lambda$82.run()Ljava/lang/Object; (8 bytes) @ 0x0000000102bb18cc [0x0000000102bb1780+0x14c]
v  ~StubRoutines::call_stub
J 1400  java.security.AccessController.doPrivileged(Ljava/security/PrivilegedAction;Ljava/security/AccessControlContext;)Ljava/lang/Object; (0 bytes) @ 0x0000000102a075a3 [0x0000000102a07540+0x63]
J 2229 C1 com.sun.javafx.tk.Toolkit.firePulse()V (279 bytes) @ 0x0000000102c0dcc4 [0x0000000102c0bcc0+0x2004]
J 2226 C1 com.sun.javafx.tk.quantum.QuantumToolkit.pulse(Z)V (164 bytes) @ 0x0000000102c122d4 [0x0000000102c11c80+0x654]
J 2200 C1 com.sun.javafx.tk.quantum.QuantumToolkit$$Lambda$43.run()V (8 bytes) @ 0x0000000102bd938c [0x0000000102bd9180+0x20c]
J 2114 C1 com.sun.glass.ui.InvokeLaterDispatcher$Future.run()V (91 bytes) @ 0x0000000102baa154 [0x0000000102baa040+0x114]
v  ~StubRoutines::call_stub

---------------  P R O C E S S  ---------------

Java Threads: ( => current thread )
  0x00007fe0878f2000 JavaThread "URL-Loader-36" daemon [_thread_blocked, id=79403, stack(0x00007000042ef000,0x00007000043ef000)]
  0x00007fe0845a2000 JavaThread "URL-Loader-35" daemon [_thread_blocked, id=69127, stack(0x00007000032bf000,0x00007000033bf000)]
  0x00007fe0845a1000 JavaThread "URL-Loader-34" daemon [_thread_blocked, id=70407, stack(0x00007000031bc000,0x00007000032bc000)]
  0x00007fe0845a0800 JavaThread "URL-Loader-33" daemon [_thread_blocked, id=70663, stack(0x00007000030b9000,0x00007000031b9000)]
  0x00007fe08459e800 JavaThread "URL-Loader-32" daemon [_thread_blocked, id=69639, stack(0x0000700002fb6000,0x00007000030b6000)]
  0x00007fe08459e000 JavaThread "URL-Loader-31" daemon [_thread_blocked, id=71943, stack(0x0000700002eb3000,0x0000700002fb3000)]
  0x00007fe08459d000 JavaThread "URL-Loader-30" daemon [_thread_blocked, id=71687, stack(0x0000700002db0000,0x0000700002eb0000)]
  0x00007fe084262000 JavaThread "URL-Loader-29" daemon [_thread_blocked, id=72199, stack(0x0000700002cad000,0x0000700002dad000)]
  0x00007fe084261800 JavaThread "URL-Loader-28" daemon [_thread_blocked, id=75015, stack(0x0000700002baa000,0x0000700002caa000)]
  0x00007fe0841c2800 JavaThread "URL-Loader-27" daemon [_thread_blocked, id=73735, stack(0x0000700002aa7000,0x0000700002ba7000)]
  0x00007fe0848e5000 JavaThread "URL-Loader-26" daemon [_thread_blocked, id=73479, stack(0x00007000029a4000,0x0000700002aa4000)]
  0x00007fe0879ad800 JavaThread "URL-Loader-25" daemon [_thread_blocked, id=73223, stack(0x00007000028a1000,0x00007000029a1000)]
  0x00007fe087921800 JavaThread "URL-Loader-24" daemon [_thread_blocked, id=76039, stack(0x000070000279e000,0x000070000289e000)]
  0x00007fe087981800 JavaThread "URL-Loader-23" daemon [_thread_blocked, id=75783, stack(0x000070000269b000,0x000070000279b000)]
  0x00007fe087bed800 JavaThread "URL-Loader-22" daemon [_thread_blocked, id=76587, stack(0x0000700002598000,0x0000700002698000)]
  0x00007fe0841c2000 JavaThread "URL-Loader-21" daemon [_thread_blocked, id=84235, stack(0x0000700002392000,0x0000700002492000)]
  0x00007fe086bdb800 JavaThread "URL-Loader-20" daemon [_thread_blocked, id=72831, stack(0x0000700001dfd000,0x0000700001efd000)]
  0x00007fe086a7a000 JavaThread "URL-Loader-19" daemon [_thread_blocked, id=63639, stack(0x0000700001bf1000,0x0000700001cf1000)]
  0x00007fe0871fb800 JavaThread "Prism Font Disposer" daemon [_thread_blocked, id=68367, stack(0x0000700002495000,0x0000700002595000)]
  0x00007fe08584f000 JavaThread "Watching files in /Users/antonepple/Documents/Projekte/javaone2015/match3/client/src/main/webapp/pages" daemon [_thread_blocked, id=67331, stack(0x000070000228f000,0x000070000238f000)]
  0x00007fe087866800 JavaThread "Thread-8" daemon [_thread_blocked, id=67095, stack(0x000070000218c000,0x000070000228c000)]
  0x00007fe0848b1800 JavaThread "FX<->NetBeans Inspector" [_thread_in_native, id=66323, stack(0x0000700002089000,0x0000700002189000)]
  0x00007fe087896800 JavaThread "Disposer" daemon [_thread_blocked, id=64527, stack(0x0000700001f86000,0x0000700002086000)]
  0x00007fe08788e800 JavaThread "Timer-0" daemon [_thread_blocked, id=54275, stack(0x0000700001aee000,0x0000700001bee000)]
  0x00007fe087106000 JavaThread "Thread-5" daemon [_thread_in_native, id=42243, stack(0x00007000019e8000,0x0000700001a68000)]
=>0x00007fe086878000 JavaThread "JavaFX Application Thread" [_thread_in_native, id=2571, stack(0x00007fff5f1e7000,0x00007fff5f9e7000)]
  0x00007fe08485f800 JavaThread "Thread-3" daemon [_thread_blocked, id=28931, stack(0x0000700001862000,0x0000700001962000)]
  0x00007fe08382e000 JavaThread "QuantumRenderer-0" daemon [_thread_blocked, id=23043, stack(0x00007000016dc000,0x00007000017dc000)]
  0x00007fe087831800 JavaThread "JavaFX-Launcher" [_thread_blocked, id=22531, stack(0x00007000015d9000,0x00007000016d9000)]
  0x00007fe087803000 JavaThread "pool-1-thread-1" [_thread_blocked, id=22019, stack(0x00007000014d6000,0x00007000015d6000)]
  0x00007fe08600e800 JavaThread "Service Thread" daemon [_thread_blocked, id=20995, stack(0x00007000012d0000,0x00007000013d0000)]
  0x00007fe08600e000 JavaThread "C1 CompilerThread3" daemon [_thread_blocked, id=20483, stack(0x00007000011cd000,0x00007000012cd000)]
  0x00007fe085807000 JavaThread "C2 CompilerThread2" daemon [_thread_blocked, id=19971, stack(0x00007000010ca000,0x00007000011ca000)]
  0x00007fe086001000 JavaThread "C2 CompilerThread1" daemon [_thread_blocked, id=19459, stack(0x0000700000fc7000,0x00007000010c7000)]
  0x00007fe083837000 JavaThread "C2 CompilerThread0" daemon [_thread_blocked, id=18947, stack(0x0000700000ec4000,0x0000700000fc4000)]
  0x00007fe085800800 JavaThread "Signal Dispatcher" daemon [_thread_blocked, id=15887, stack(0x0000700000dc1000,0x0000700000ec1000)]
  0x00007fe08382b800 JavaThread "Finalizer" daemon [_thread_blocked, id=14339, stack(0x0000700000c3b000,0x0000700000d3b000)]
  0x00007fe086813800 JavaThread "Reference Handler" daemon [_thread_blocked, id=13827, stack(0x0000700000b38000,0x0000700000c38000)]
  0x00007fe086803000 JavaThread "main" [_thread_blocked, id=5891, stack(0x000070000011a000,0x000070000021a000)]

Other Threads:
  0x00007fe087800000 VMThread [stack: 0x0000700000a35000,0x0000700000b35000] [id=13315]
  0x00007fe085805800 WatcherThread [stack: 0x00007000013d3000,0x00007000014d3000] [id=21507]

VM state:not at safepoint (normal execution)

VM Mutex/Monitor currently owned by a thread: None

Heap:
 PSYoungGen      total 141824K, used 107850K [0x000000076ab00000, 0x0000000774000000, 0x00000007c0000000)
  eden space 131072K, 79% used [0x000000076ab00000,0x0000000771140828,0x0000000772b00000)
  from space 10752K, 29% used [0x0000000773580000,0x00000007738920b8,0x0000000774000000)
  to   space 10752K, 0% used [0x0000000772b00000,0x0000000772b00000,0x0000000773580000)
 ParOldGen       total 175104K, used 74780K [0x00000006c0000000, 0x00000006cab00000, 0x000000076ab00000)
  object space 175104K, 42% used [0x00000006c0000000,0x00000006c4907208,0x00000006cab00000)
 Metaspace       used 18673K, capacity 19778K, committed 19968K, reserved 1067008K
  class space    used 2492K, capacity 2708K, committed 2816K, reserved 1048576K

Card table byte_map: [0x0000000111949000,0x000000011214a000] byte_map_base: 0x000000010e349000

Marking Bits: (ParMarkBitMap*) 0x0000000101edee20
 Begin Bits: [0x00000001126a0000, 0x00000001166a0000)
 End Bits:   [0x00000001166a0000, 0x000000011a6a0000)

Polling page: 0x00000001004dc000

CodeCache: size=245760Kb used=7255Kb max_used=7299Kb free=238504Kb
 bounds [0x0000000102589000, 0x0000000102cb9000, 0x0000000111589000]
 total_blobs=3106 nmethods=2380 adapters=638
 compilation: enabled

Compilation events (10 events):
Event: 28.420 Thread 0x00007fe08600e000 2601  s    3       com.sun.webkit.graphics.WCRenderQueue::addBuffer (123 bytes)
Event: 28.421 Thread 0x00007fe085807000 2604       4       java.util.concurrent.locks.ReentrantLock$Sync::tryRelease (45 bytes)
Event: 28.421 Thread 0x00007fe08600e000 nmethod 2601 0x00000001028a7690 code [0x00000001028a7960, 0x00000001028a92e8]
Event: 28.421 Thread 0x00007fe08600e000 2602       3       com.sun.javafx.webkit.prism.PrismGraphicsManager::createWCPath (8 bytes)
Event: 28.422 Thread 0x00007fe08600e000 nmethod 2602 0x00000001028a7290 code [0x00000001028a7400, 0x00000001028a75e8]
Event: 28.422 Thread 0x00007fe08600e000 2603       3       com.sun.webkit.graphics.WCPath::<init> (5 bytes)
Event: 28.422 Thread 0x00007fe085807000 nmethod 2604 0x00000001028a6f90 code [0x00000001028a70e0, 0x00000001028a71b8]
Event: 28.422 Thread 0x00007fe08600e000 nmethod 2603 0x00000001029c5810 code [0x00000001029c59a0, 0x00000001029c5df0]
Event: 28.422 Thread 0x00007fe08600e000 2605       3       com.sun.javafx.webkit.prism.WCPathImpl::<init> (51 bytes)
Event: 28.423 Thread 0x00007fe08600e000 nmethod 2605 0x0000000102a9c6d0 code [0x0000000102a9c900, 0x0000000102a9d868]

GC Heap History (8 events):
Event: 9.171 GC heap before
{Heap before GC invocations=1 (full 0):
 PSYoungGen      total 76288K, used 65536K [0x000000076ab00000, 0x0000000770000000, 0x00000007c0000000)
  eden space 65536K, 100% used [0x000000076ab00000,0x000000076eb00000,0x000000076eb00000)
  from space 10752K, 0% used [0x000000076f580000,0x000000076f580000,0x0000000770000000)
  to   space 10752K, 0% used [0x000000076eb00000,0x000000076eb00000,0x000000076f580000)
 ParOldGen       total 175104K, used 0K [0x00000006c0000000, 0x00000006cab00000, 0x000000076ab00000)
  object space 175104K, 0% used [0x00000006c0000000,0x00000006c0000000,0x00000006cab00000)
 Metaspace       used 16529K, capacity 17616K, committed 17920K, reserved 1064960K
  class space    used 2288K, capacity 2508K, committed 2560K, reserved 1048576K
Event: 9.196 GC heap after
Heap after GC invocations=1 (full 0):
 PSYoungGen      total 76288K, used 8982K [0x000000076ab00000, 0x0000000770000000, 0x00000007c0000000)
  eden space 65536K, 0% used [0x000000076ab00000,0x000000076ab00000,0x000000076eb00000)
  from space 10752K, 83% used [0x000000076eb00000,0x000000076f3c5ae0,0x000000076f580000)
  to   space 10752K, 0% used [0x000000076f580000,0x000000076f580000,0x0000000770000000)
 ParOldGen       total 175104K, used 2324K [0x00000006c0000000, 0x00000006cab00000, 0x000000076ab00000)
  object space 175104K, 1% used [0x00000006c0000000,0x00000006c0245010,0x00000006cab00000)
 Metaspace       used 16529K, capacity 17616K, committed 17920K, reserved 1064960K
  class space    used 2288K, capacity 2508K, committed 2560K, reserved 1048576K
}
Event: 9.947 GC heap before
{Heap before GC invocations=2 (full 0):
 PSYoungGen      total 76288K, used 71680K [0x000000076ab00000, 0x0000000770000000, 0x00000007c0000000)
  eden space 65536K, 95% used [0x000000076ab00000,0x000000076e83a8a8,0x000000076eb00000)
  from space 10752K, 83% used [0x000000076eb00000,0x000000076f3c5ae0,0x000000076f580000)
  to   space 10752K, 0% used [0x000000076f580000,0x000000076f580000,0x0000000770000000)
 ParOldGen       total 175104K, used 10592K [0x00000006c0000000, 0x00000006cab00000, 0x000000076ab00000)
  object space 175104K, 6% used [0x00000006c0000000,0x00000006c0a58320,0x00000006cab00000)
 Metaspace       used 17319K, capacity 18382K, committed 18560K, reserved 1064960K
  class space    used 2405K, capacity 2603K, committed 2688K, reserved 1048576K
Event: 9.986 GC heap after
Heap after GC invocations=2 (full 0):
 PSYoungGen      total 76288K, used 10723K [0x000000076ab00000, 0x0000000774000000, 0x00000007c0000000)
  eden space 65536K, 0% used [0x000000076ab00000,0x000000076ab00000,0x000000076eb00000)
  from space 10752K, 99% used [0x000000076f580000,0x000000076fff8cc8,0x0000000770000000)
  to   space 10752K, 0% used [0x000000076eb00000,0x000000076eb00000,0x000000076f580000)
 ParOldGen       total 175104K, used 33260K [0x00000006c0000000, 0x00000006cab00000, 0x000000076ab00000)
  object space 175104K, 18% used [0x00000006c0000000,0x00000006c207b1b0,0x00000006cab00000)
 Metaspace       used 17319K, capacity 18382K, committed 18560K, reserved 1064960K
  class space    used 2405K, capacity 2603K, committed 2688K, reserved 1048576K
}
Event: 21.563 GC heap before
{Heap before GC invocations=3 (full 0):
 PSYoungGen      total 76288K, used 76259K [0x000000076ab00000, 0x0000000774000000, 0x00000007c0000000)
  eden space 65536K, 100% used [0x000000076ab00000,0x000000076eb00000,0x000000076eb00000)
  from space 10752K, 99% used [0x000000076f580000,0x000000076fff8cc8,0x0000000770000000)
  to   space 10752K, 0% used [0x000000076eb00000,0x000000076eb00000,0x000000076f580000)
 ParOldGen       total 175104K, used 63732K [0x00000006c0000000, 0x00000006cab00000, 0x000000076ab00000)
  object space 175104K, 36% used [0x00000006c0000000,0x00000006c3e3d3c0,0x00000006cab00000)
 Metaspace       used 18442K, capacity 19580K, committed 19712K, reserved 1067008K
  class space    used 2491K, capacity 2707K, committed 2816K, reserved 1048576K
Event: 21.570 GC heap after
Heap after GC invocations=3 (full 0):
 PSYoungGen      total 76288K, used 3305K [0x000000076ab00000, 0x0000000774000000, 0x00000007c0000000)
  eden space 65536K, 0% used [0x000000076ab00000,0x000000076ab00000,0x000000076eb00000)
  from space 10752K, 30% used [0x000000076eb00000,0x000000076ee3a588,0x000000076f580000)
  to   space 10752K, 0% used [0x0000000773580000,0x0000000773580000,0x0000000774000000)
 ParOldGen       total 175104K, used 63740K [0x00000006c0000000, 0x00000006cab00000, 0x000000076ab00000)
  object space 175104K, 36% used [0x00000006c0000000,0x00000006c3e3f3c0,0x00000006cab00000)
 Metaspace       used 18442K, capacity 19580K, committed 19712K, reserved 1067008K
  class space    used 2491K, capacity 2707K, committed 2816K, reserved 1048576K
}
Event: 26.063 GC heap before
{Heap before GC invocations=4 (full 0):
 PSYoungGen      total 76288K, used 64622K [0x000000076ab00000, 0x0000000774000000, 0x00000007c0000000)
  eden space 65536K, 93% used [0x000000076ab00000,0x000000076e6e1410,0x000000076eb00000)
  from space 10752K, 30% used [0x000000076eb00000,0x000000076ee3a588,0x000000076f580000)
  to   space 10752K, 0% used [0x0000000773580000,0x0000000773580000,0x0000000774000000)
 ParOldGen       total 175104K, used 63740K [0x00000006c0000000, 0x00000006cab00000, 0x000000076ab00000)
  object space 175104K, 36% used [0x00000006c0000000,0x00000006c3e3f3c0,0x00000006cab00000)
 Metaspace       used 18459K, capacity 19580K, committed 19712K, reserved 1067008K
  class space    used 2491K, capacity 2707K, committed 2816K, reserved 1048576K
Event: 26.076 GC heap after
Heap after GC invocations=4 (full 0):
 PSYoungGen      total 141824K, used 3144K [0x000000076ab00000, 0x0000000774000000, 0x00000007c0000000)
  eden space 131072K, 0% used [0x000000076ab00000,0x000000076ab00000,0x0000000772b00000)
  from space 10752K, 29% used [0x0000000773580000,0x00000007738920b8,0x0000000774000000)
  to   space 10752K, 0% used [0x0000000772b00000,0x0000000772b00000,0x0000000773580000)
 ParOldGen       total 175104K, used 74780K [0x00000006c0000000, 0x00000006cab00000, 0x000000076ab00000)
  object space 175104K, 42% used [0x00000006c0000000,0x00000006c4907208,0x00000006cab00000)
 Metaspace       used 18459K, capacity 19580K, committed 19712K, reserved 1067008K
  class space    used 2491K, capacity 2707K, committed 2816K, reserved 1048576K
}

Deoptimization events (10 events):
Event: 9.742 Thread 0x00007fe086878000 Uncommon trap: reason=unstable_if action=reinterpret pc=0x000000010299b4fc method=java.lang.ref.ReferenceQueue.poll()Ljava/lang/ref/Reference; @ 4
Event: 9.767 Thread 0x00007fe0861a3800 Uncommon trap: reason=class_check action=maybe_recompile pc=0x0000000102a0dbe0 method=java.io.BufferedInputStream.read1([BII)I @ 39
Event: 9.767 Thread 0x00007fe0861a3800 Uncommon trap: reason=class_check action=maybe_recompile pc=0x0000000102a0dbe0 method=java.io.BufferedInputStream.read1([BII)I @ 39
Event: 9.768 Thread 0x00007fe0861a3800 Uncommon trap: reason=class_check action=maybe_recompile pc=0x0000000102a0dbe0 method=java.io.BufferedInputStream.read1([BII)I @ 39
Event: 9.768 Thread 0x00007fe0861a3800 Uncommon trap: reason=class_check action=maybe_recompile pc=0x0000000102a0dbe0 method=java.io.BufferedInputStream.read1([BII)I @ 39
Event: 9.812 Thread 0x00007fe086878000 Uncommon trap: reason=class_check action=maybe_recompile pc=0x00000001028f5868 method=java.util.HashMap.putVal(ILjava/lang/Object;Ljava/lang/Object;ZZ)Ljava/lang/Object; @ 253
Event: 9.812 Thread 0x00007fe086878000 Uncommon trap: reason=class_check action=maybe_recompile pc=0x00000001028f5868 method=java.util.HashMap.putVal(ILjava/lang/Object;Ljava/lang/Object;ZZ)Ljava/lang/Object; @ 253
Event: 9.812 Thread 0x00007fe086878000 Uncommon trap: reason=class_check action=maybe_recompile pc=0x00000001028f5868 method=java.util.HashMap.putVal(ILjava/lang/Object;Ljava/lang/Object;ZZ)Ljava/lang/Object; @ 253
Event: 9.812 Thread 0x00007fe086878000 Uncommon trap: reason=class_check action=maybe_recompile pc=0x00000001028f5868 method=java.util.HashMap.putVal(ILjava/lang/Object;Ljava/lang/Object;ZZ)Ljava/lang/Object; @ 253
Event: 27.109 Thread 0x00007fe08584f000 Uncommon trap: reason=unstable_if action=reinterpret pc=0x0000000102b1031c method=java.security.AccessControlContext.combine([Ljava/security/ProtectionDomain;[Ljava/security/ProtectionDomain;)[Ljava/security/ProtectionDomain; @ 162

Internal exceptions (10 events):
Event: 3.485 Thread 0x00007fe086878000 Exception <a 'java/lang/NullPointerException'> (0x000000076b997a58) thrown at [/Users/java_re/workspace/8-2-build-macosx-x86_64/jdk8u60/4407/hotspot/src/share/vm/prims/jvm.cpp, line 1390]
Event: 5.962 Thread 0x00007fe086878000 Implicit null exception at 0x00000001028254f5 to 0x00000001028256f1
Event: 7.001 Thread 0x00007fe086878000 Exception <a 'sun/nio/fs/UnixException'> (0x000000076ca00bc0) thrown at [/Users/java_re/workspace/8-2-build-macosx-x86_64/jdk8u60/4407/hotspot/src/share/vm/prims/jni.cpp, line 709]
Event: 7.010 Thread 0x00007fe086878000 Exception <a 'sun/nio/fs/UnixException'> (0x000000076ca02b38) thrown at [/Users/java_re/workspace/8-2-build-macosx-x86_64/jdk8u60/4407/hotspot/src/share/vm/prims/jni.cpp, line 709]
Event: 7.066 Thread 0x00007fe086878000 Implicit null exception at 0x00000001027d5d75 to 0x00000001027d60e1
Event: 7.130 Thread 0x00007fe0870fe800 Implicit null exception at 0x00000001027870f5 to 0x0000000102787455
Event: 9.198 Thread 0x00007fe0860c0800 Exception <a 'java/io/FileNotFoundException'> (0x000000076adcb360) thrown at [/Users/java_re/workspace/8-2-build-macosx-x86_64/jdk8u60/4407/hotspot/src/share/vm/prims/jni.cpp, line 709]
Event: 9.199 Thread 0x00007fe0860c0800 Exception <a 'java/io/FileNotFoundException'> (0x000000076adcc520) thrown at [/Users/java_re/workspace/8-2-build-macosx-x86_64/jdk8u60/4407/hotspot/src/share/vm/prims/jni.cpp, line 709]
Event: 27.134 Thread 0x00007fe0845a2000 Exception <a 'java/io/FileNotFoundException'> (0x000000076c80f9d8) thrown at [/Users/java_re/workspace/8-2-build-macosx-x86_64/jdk8u60/4407/hotspot/src/share/vm/prims/jni.cpp, line 709]
Event: 27.134 Thread 0x00007fe0845a2000 Exception <a 'java/io/FileNotFoundException'> (0x000000076c8105e0) thrown at [/Users/java_re/workspace/8-2-build-macosx-x86_64/jdk8u60/4407/hotspot/src/share/vm/prims/jni.cpp, line 709]

Events (10 events):
Event: 28.193 Thread 0x00007fe08600e000 flushing nmethod 0x0000000102998d10
Event: 28.193 Thread 0x00007fe08600e000 flushing nmethod 0x00000001029c4110
Event: 28.193 Thread 0x00007fe08600e000 flushing nmethod 0x00000001029e9790
Event: 28.194 Thread 0x00007fe08600e000 flushing nmethod 0x00000001029fd3d0
Event: 28.194 Thread 0x00007fe08600e000 flushing nmethod 0x0000000102a07750
Event: 28.195 Thread 0x00007fe08600e000 flushing nmethod 0x0000000102a91410
Event: 28.195 Thread 0x00007fe08600e000 flushing nmethod 0x0000000102a9e690
Event: 28.209 Executing VM operation: RevokeBias
Event: 28.209 Executing VM operation: RevokeBias done
Event: 28.209 Thread 0x00007fe08425d800 Thread exited: 0x00007fe08425d800


Dynamic libraries:
0x0000000006af1000 	/System/Library/Frameworks/Cocoa.framework/Versions/A/Cocoa
0x0000000006af1000 	/System/Library/Frameworks/Security.framework/Versions/A/Security
0x0000000006af1000 	/System/Library/Frameworks/ApplicationServices.framework/Versions/A/ApplicationServices
0x0000000006af1000 	/usr/lib/libz.1.dylib
0x0000000006af1000 	/usr/lib/libSystem.B.dylib
0x0000000006af1000 	/usr/lib/libobjc.A.dylib
0x0000000006af1000 	/System/Library/Frameworks/CoreFoundation.framework/Versions/A/CoreFoundation
0x0000000006af1000 	/System/Library/Frameworks/Foundation.framework/Versions/C/Foundation
0x0000000006af1000 	/System/Library/Frameworks/AppKit.framework/Versions/C/AppKit
0x0000000006af1000 	/System/Library/Frameworks/CoreData.framework/Versions/A/CoreData
0x0000000006af1000 	/System/Library/PrivateFrameworks/RemoteViewServices.framework/Versions/A/RemoteViewServices
0x0000000006af1000 	/System/Library/PrivateFrameworks/UIFoundation.framework/Versions/A/UIFoundation
0x0000000006af1000 	/usr/lib/libScreenReader.dylib
0x0000000006af1000 	/System/Library/Frameworks/Accelerate.framework/Versions/A/Accelerate
0x0000000006af1000 	/System/Library/Frameworks/IOSurface.framework/Versions/A/IOSurface
0x0000000006af1000 	/System/Library/Frameworks/AudioToolbox.framework/Versions/A/AudioToolbox
0x0000000006af1000 	/System/Library/Frameworks/AudioUnit.framework/Versions/A/AudioUnit
0x0000000006af1000 	/System/Library/PrivateFrameworks/DataDetectorsCore.framework/Versions/A/DataDetectorsCore
0x0000000006af1000 	/System/Library/PrivateFrameworks/DesktopServicesPriv.framework/Versions/A/DesktopServicesPriv
0x0000000006af1000 	/System/Library/Frameworks/Carbon.framework/Versions/A/Frameworks/HIToolbox.framework/Versions/A/HIToolbox
0x0000000006af1000 	/System/Library/Frameworks/QuartzCore.framework/Versions/A/QuartzCore
0x0000000006af1000 	/System/Library/Frameworks/Carbon.framework/Versions/A/Frameworks/SpeechRecognition.framework/Versions/A/SpeechRecognition
0x0000000006af1000 	/usr/lib/libauto.dylib
0x0000000006af1000 	/usr/lib/libicucore.A.dylib
0x0000000006af1000 	/usr/lib/libxml2.2.dylib
0x0000000006af1000 	/System/Library/PrivateFrameworks/CoreUI.framework/Versions/A/CoreUI
0x0000000006af1000 	/System/Library/Frameworks/CoreAudio.framework/Versions/A/CoreAudio
0x0000000006af1000 	/System/Library/Frameworks/DiskArbitration.framework/Versions/A/DiskArbitration
0x0000000006af1000 	/usr/lib/liblangid.dylib
0x0000000006af1000 	/System/Library/PrivateFrameworks/MultitouchSupport.framework/Versions/A/MultitouchSupport
0x0000000006af1000 	/System/Library/Frameworks/IOKit.framework/Versions/A/IOKit
0x0000000006af1000 	/usr/lib/libDiagnosticMessagesClient.dylib
0x0000000006af1000 	/System/Library/Frameworks/CoreServices.framework/Versions/A/CoreServices
0x0000000006af1000 	/System/Library/PrivateFrameworks/PerformanceAnalysis.framework/Versions/A/PerformanceAnalysis
0x0000000006af1000 	/System/Library/PrivateFrameworks/GenerationalStorage.framework/Versions/A/GenerationalStorage
0x0000000006af1000 	/System/Library/Frameworks/OpenGL.framework/Versions/A/OpenGL
0x0000000006af1000 	/System/Library/PrivateFrameworks/Sharing.framework/Versions/A/Sharing
0x0000000006af1000 	/System/Library/Frameworks/CoreGraphics.framework/Versions/A/CoreGraphics
0x0000000006af1000 	/System/Library/Frameworks/CoreImage.framework/Versions/A/CoreImage
0x0000000006af1000 	/System/Library/Frameworks/CoreText.framework/Versions/A/CoreText
0x0000000006af1000 	/System/Library/Frameworks/ImageIO.framework/Versions/A/ImageIO
0x0000000006af1000 	/System/Library/PrivateFrameworks/Backup.framework/Versions/A/Backup
0x0000000006af1000 	/usr/lib/libextension.dylib
0x0000000006af1000 	/usr/lib/libarchive.2.dylib
0x0000000006af1000 	/System/Library/Frameworks/CFNetwork.framework/Versions/A/CFNetwork
0x0000000006af1000 	/System/Library/Frameworks/SystemConfiguration.framework/Versions/A/SystemConfiguration
0x0000000006af1000 	/usr/lib/libCRFSuite.dylib
0x0000000006af1000 	/usr/lib/libc++.1.dylib
0x0000000006af1000 	/usr/lib/libc++abi.dylib
0x0000000006af1000 	/usr/lib/system/libcache.dylib
0x0000000006af1000 	/usr/lib/system/libcommonCrypto.dylib
0x0000000006af1000 	/usr/lib/system/libcompiler_rt.dylib
0x0000000006af1000 	/usr/lib/system/libcopyfile.dylib
0x0000000006af1000 	/usr/lib/system/libcorecrypto.dylib
0x0000000006af1000 	/usr/lib/system/libdispatch.dylib
0x0000000006af1000 	/usr/lib/system/libdyld.dylib
0x0000000006af1000 	/usr/lib/system/libkeymgr.dylib
0x0000000006af1000 	/usr/lib/system/liblaunch.dylib
0x0000000006af1000 	/usr/lib/system/libmacho.dylib
0x0000000006af1000 	/usr/lib/system/libquarantine.dylib
0x0000000006af1000 	/usr/lib/system/libremovefile.dylib
0x0000000006af1000 	/usr/lib/system/libsystem_asl.dylib
0x0000000006af1000 	/usr/lib/system/libsystem_blocks.dylib
0x0000000006af1000 	/usr/lib/system/libsystem_c.dylib
0x0000000006af1000 	/usr/lib/system/libsystem_configuration.dylib
0x0000000006af1000 	/usr/lib/system/libsystem_coreservices.dylib
0x0000000006af1000 	/usr/lib/system/libsystem_coretls.dylib
0x0000000006af1000 	/usr/lib/system/libsystem_dnssd.dylib
0x0000000006af1000 	/usr/lib/system/libsystem_info.dylib
0x0000000006af1000 	/usr/lib/system/libsystem_kernel.dylib
0x0000000006af1000 	/usr/lib/system/libsystem_m.dylib
0x0000000006af1000 	/usr/lib/system/libsystem_malloc.dylib
0x0000000006af1000 	/usr/lib/system/libsystem_network.dylib
0x0000000006af1000 	/usr/lib/system/libsystem_networkextension.dylib
0x0000000006af1000 	/usr/lib/system/libsystem_notify.dylib
0x0000000006af1000 	/usr/lib/system/libsystem_platform.dylib
0x0000000006af1000 	/usr/lib/system/libsystem_pthread.dylib
0x0000000006af1000 	/usr/lib/system/libsystem_sandbox.dylib
0x0000000006af1000 	/usr/lib/system/libsystem_secinit.dylib
0x0000000006af1000 	/usr/lib/system/libsystem_trace.dylib
0x0000000006af1000 	/usr/lib/system/libunc.dylib
0x0000000006af1000 	/usr/lib/system/libunwind.dylib
0x0000000006af1000 	/usr/lib/system/libxpc.dylib
0x0000000006af1000 	/usr/lib/libenergytrace.dylib
0x0000000006af1000 	/usr/lib/libbsm.0.dylib
0x0000000006af1000 	/usr/lib/system/libkxld.dylib
0x0000000006af1000 	/usr/lib/libxar.1.dylib
0x0000000006af1000 	/usr/lib/libsqlite3.dylib
0x0000000006af1000 	/usr/lib/libpam.2.dylib
0x0000000006af1000 	/usr/lib/libOpenScriptingUtil.dylib
0x0000000006af1000 	/usr/lib/libbz2.1.0.dylib
0x0000000006af1000 	/usr/lib/liblzma.5.dylib
0x0000000006af1000 	/System/Library/Frameworks/CoreServices.framework/Versions/A/Frameworks/FSEvents.framework/Versions/A/FSEvents
0x0000000006af1000 	/System/Library/Frameworks/CoreServices.framework/Versions/A/Frameworks/CarbonCore.framework/Versions/A/CarbonCore
0x0000000006af1000 	/System/Library/Frameworks/CoreServices.framework/Versions/A/Frameworks/Metadata.framework/Versions/A/Metadata
0x0000000006af1000 	/System/Library/Frameworks/CoreServices.framework/Versions/A/Frameworks/OSServices.framework/Versions/A/OSServices
0x0000000006af1000 	/System/Library/Frameworks/CoreServices.framework/Versions/A/Frameworks/SearchKit.framework/Versions/A/SearchKit
0x0000000006af1000 	/System/Library/Frameworks/CoreServices.framework/Versions/A/Frameworks/AE.framework/Versions/A/AE
0x0000000006af1000 	/System/Library/Frameworks/CoreServices.framework/Versions/A/Frameworks/LaunchServices.framework/Versions/A/LaunchServices
0x0000000006af1000 	/System/Library/Frameworks/CoreServices.framework/Versions/A/Frameworks/DictionaryServices.framework/Versions/A/DictionaryServices
0x0000000006af1000 	/System/Library/Frameworks/CoreServices.framework/Versions/A/Frameworks/SharedFileList.framework/Versions/A/SharedFileList
0x0000000006af1000 	/System/Library/Frameworks/NetFS.framework/Versions/A/NetFS
0x0000000006af1000 	/System/Library/PrivateFrameworks/NetAuth.framework/Versions/A/NetAuth
0x0000000006af1000 	/System/Library/PrivateFrameworks/login.framework/Versions/A/Frameworks/loginsupport.framework/Versions/A/loginsupport
0x0000000006af1000 	/System/Library/PrivateFrameworks/TCC.framework/Versions/A/TCC
0x0000000006af1000 	/usr/lib/libmecabra.dylib
0x0000000006af1000 	/System/Library/Frameworks/ApplicationServices.framework/Versions/A/Frameworks/ATS.framework/Versions/A/ATS
0x0000000006af1000 	/System/Library/Frameworks/ApplicationServices.framework/Versions/A/Frameworks/ColorSync.framework/Versions/A/ColorSync
0x0000000006af1000 	/System/Library/Frameworks/ApplicationServices.framework/Versions/A/Frameworks/HIServices.framework/Versions/A/HIServices
0x0000000006af1000 	/System/Library/Frameworks/ApplicationServices.framework/Versions/A/Frameworks/LangAnalysis.framework/Versions/A/LangAnalysis
0x0000000006af1000 	/System/Library/Frameworks/ApplicationServices.framework/Versions/A/Frameworks/PrintCore.framework/Versions/A/PrintCore
0x0000000006af1000 	/System/Library/Frameworks/ApplicationServices.framework/Versions/A/Frameworks/QD.framework/Versions/A/QD
0x0000000006af1000 	/System/Library/Frameworks/ApplicationServices.framework/Versions/A/Frameworks/SpeechSynthesis.framework/Versions/A/SpeechSynthesis
0x0000000006af1000 	/System/Library/Frameworks/Metal.framework/Versions/A/Metal
0x0000000006af1000 	/System/Library/Frameworks/Accelerate.framework/Versions/A/Frameworks/vImage.framework/Versions/A/vImage
0x0000000006af1000 	/System/Library/Frameworks/Accelerate.framework/Versions/A/Frameworks/vecLib.framework/Versions/A/vecLib
0x0000000006af1000 	/System/Library/Frameworks/Accelerate.framework/Versions/A/Frameworks/vecLib.framework/Versions/A/libvDSP.dylib
0x0000000006af1000 	/System/Library/Frameworks/Accelerate.framework/Versions/A/Frameworks/vecLib.framework/Versions/A/libvMisc.dylib
0x0000000006af1000 	/System/Library/Frameworks/Accelerate.framework/Versions/A/Frameworks/vecLib.framework/Versions/A/libLAPACK.dylib
0x0000000006af1000 	/System/Library/Frameworks/Accelerate.framework/Versions/A/Frameworks/vecLib.framework/Versions/A/libBLAS.dylib
0x0000000006af1000 	/System/Library/Frameworks/Accelerate.framework/Versions/A/Frameworks/vecLib.framework/Versions/A/libLinearAlgebra.dylib
0x0000000006af1000 	/System/Library/Frameworks/Accelerate.framework/Versions/A/Frameworks/vecLib.framework/Versions/A/libSparseBLAS.dylib
0x0000000006af1000 	/System/Library/PrivateFrameworks/GPUCompiler.framework/libmetal_timestamp.dylib
0x0000000006af1000 	/System/Library/Frameworks/OpenGL.framework/Versions/A/Libraries/libCoreFSCache.dylib
0x0000000006af1000 	/System/Library/PrivateFrameworks/IOAccelerator.framework/Versions/A/IOAccelerator
0x0000000006af1000 	/System/Library/Frameworks/ApplicationServices.framework/Versions/A/Frameworks/ATS.framework/Versions/A/Resources/libFontParser.dylib
0x0000000006af1000 	/System/Library/Frameworks/ApplicationServices.framework/Versions/A/Frameworks/ATS.framework/Versions/A/Resources/libFontRegistry.dylib
0x0000000006af1000 	/System/Library/PrivateFrameworks/AppleVPA.framework/Versions/A/AppleVPA
0x0000000006af1000 	/System/Library/PrivateFrameworks/AppleJPEG.framework/Versions/A/AppleJPEG
0x0000000006af1000 	/System/Library/Frameworks/ImageIO.framework/Versions/A/Resources/libJPEG.dylib
0x0000000006af1000 	/System/Library/Frameworks/ImageIO.framework/Versions/A/Resources/libTIFF.dylib
0x0000000006af1000 	/System/Library/Frameworks/ImageIO.framework/Versions/A/Resources/libPng.dylib
0x0000000006af1000 	/System/Library/Frameworks/ImageIO.framework/Versions/A/Resources/libGIF.dylib
0x0000000006af1000 	/System/Library/Frameworks/ImageIO.framework/Versions/A/Resources/libJP2.dylib
0x0000000006af1000 	/System/Library/Frameworks/ImageIO.framework/Versions/A/Resources/libRadiance.dylib
0x0000000006af1000 	/System/Library/Frameworks/CoreVideo.framework/Versions/A/CoreVideo
0x0000000006af1000 	/System/Library/Frameworks/OpenGL.framework/Versions/A/Libraries/libGLU.dylib
0x0000000006af1000 	/System/Library/Frameworks/OpenGL.framework/Versions/A/Libraries/libGFXShared.dylib
0x0000000006af1000 	/System/Library/Frameworks/OpenGL.framework/Versions/A/Libraries/libGL.dylib
0x0000000006af1000 	/System/Library/Frameworks/OpenGL.framework/Versions/A/Libraries/libGLImage.dylib
0x0000000006af1000 	/System/Library/Frameworks/OpenGL.framework/Versions/A/Libraries/libCVMSPluginSupport.dylib
0x0000000006af1000 	/System/Library/Frameworks/OpenGL.framework/Versions/A/Libraries/libCoreVMClient.dylib
0x0000000006af1000 	/usr/lib/libcups.2.dylib
0x0000000006af1000 	/System/Library/Frameworks/Kerberos.framework/Versions/A/Kerberos
0x0000000006af1000 	/System/Library/Frameworks/GSS.framework/Versions/A/GSS
0x0000000006af1000 	/usr/lib/libresolv.9.dylib
0x0000000006af1000 	/usr/lib/libiconv.2.dylib
0x0000000006af1000 	/System/Library/PrivateFrameworks/Heimdal.framework/Versions/A/Heimdal
0x0000000006af1000 	/usr/lib/libheimdal-asn1.dylib
0x0000000006af1000 	/System/Library/Frameworks/OpenDirectory.framework/Versions/A/OpenDirectory
0x0000000006af1000 	/System/Library/PrivateFrameworks/CommonAuth.framework/Versions/A/CommonAuth
0x0000000006af1000 	/System/Library/Frameworks/OpenDirectory.framework/Versions/A/Frameworks/CFOpenDirectory.framework/Versions/A/CFOpenDirectory
0x0000000006af1000 	/System/Library/Frameworks/SecurityFoundation.framework/Versions/A/SecurityFoundation
0x0000000006af1000 	/System/Library/PrivateFrameworks/LanguageModeling.framework/Versions/A/LanguageModeling
0x0000000006af1000 	/usr/lib/libmarisa.dylib
0x0000000006af1000 	/usr/lib/libChineseTokenizer.dylib
0x0000000006af1000 	/usr/lib/libcmph.dylib
0x0000000006af1000 	/usr/lib/libcompression.dylib
0x0000000006af1000 	/System/Library/Frameworks/ServiceManagement.framework/Versions/A/ServiceManagement
0x0000000006af1000 	/usr/lib/libxslt.1.dylib
0x0000000006af1000 	/System/Library/Frameworks/Carbon.framework/Versions/A/Frameworks/Ink.framework/Versions/A/Ink
0x0000000006af1000 	/usr/lib/libFosl_dynamic.dylib
0x0000000006af1000 	/System/Library/PrivateFrameworks/FaceCore.framework/Versions/A/FaceCore
0x0000000006af1000 	/System/Library/Frameworks/OpenCL.framework/Versions/A/OpenCL
0x0000000006af1000 	/System/Library/PrivateFrameworks/CrashReporterSupport.framework/Versions/A/CrashReporterSupport
0x0000000006af1000 	/System/Library/PrivateFrameworks/IconServices.framework/Versions/A/IconServices
0x0000000006af1000 	/System/Library/PrivateFrameworks/Apple80211.framework/Versions/A/Apple80211
0x0000000006af1000 	/System/Library/Frameworks/CoreWLAN.framework/Versions/A/CoreWLAN
0x0000000006af1000 	/System/Library/Frameworks/IOBluetooth.framework/Versions/A/IOBluetooth
0x0000000006af1000 	/System/Library/PrivateFrameworks/CoreWiFi.framework/Versions/A/CoreWiFi
0x0000000006af1000 	/System/Library/Frameworks/CoreBluetooth.framework/Versions/A/CoreBluetooth
0x0000000006af1000 	/System/Library/PrivateFrameworks/ChunkingLibrary.framework/Versions/A/ChunkingLibrary
0x0000000006af1000 	/System/Library/PrivateFrameworks/DebugSymbols.framework/Versions/A/DebugSymbols
0x0000000006af1000 	/System/Library/PrivateFrameworks/CoreSymbolication.framework/Versions/A/CoreSymbolication
0x0000000006af1000 	/System/Library/PrivateFrameworks/Symbolication.framework/Versions/A/Symbolication
0x0000000006af1000 	/System/Library/PrivateFrameworks/SpeechRecognitionCore.framework/Versions/A/SpeechRecognitionCore
0x0000000101600000 	/Library/Java/JavaVirtualMachines/jdk1.8.0_60.jdk/Contents/Home/jre/lib/server/libjvm.dylib
0x0000000006af1000 	/usr/lib/libstdc++.6.dylib
0x0000000100499000 	/Library/Java/JavaVirtualMachines/jdk1.8.0_60.jdk/Contents/Home/jre/lib/libverify.dylib
0x00000001004a7000 	/Library/Java/JavaVirtualMachines/jdk1.8.0_60.jdk/Contents/Home/jre/lib/libjava.dylib
0x00000001004e6000 	/Library/Java/JavaVirtualMachines/jdk1.8.0_60.jdk/Contents/Home/jre/lib/libzip.dylib
0x00000001005e3000 	/System/Library/Frameworks/JavaVM.framework/Frameworks/JavaRuntimeSupport.framework/JavaRuntimeSupport
0x000000011d54b000 	/System/Library/Frameworks/JavaVM.framework/Versions/A/Frameworks/JavaNativeFoundation.framework/Versions/A/JavaNativeFoundation
0x000000011d560000 	/System/Library/Frameworks/JavaVM.framework/Versions/A/JavaVM
0x0000000006af1000 	/System/Library/Frameworks/Carbon.framework/Versions/A/Carbon
0x000000011d56d000 	/System/Library/PrivateFrameworks/JavaLaunching.framework/Versions/A/JavaLaunching
0x0000000006af1000 	/System/Library/Frameworks/Carbon.framework/Versions/A/Frameworks/CommonPanels.framework/Versions/A/CommonPanels
0x0000000006af1000 	/System/Library/Frameworks/Carbon.framework/Versions/A/Frameworks/Help.framework/Versions/A/Help
0x0000000006af1000 	/System/Library/Frameworks/Carbon.framework/Versions/A/Frameworks/ImageCapture.framework/Versions/A/ImageCapture
0x0000000006af1000 	/System/Library/Frameworks/Carbon.framework/Versions/A/Frameworks/OpenScripting.framework/Versions/A/OpenScripting
0x0000000006af1000 	/System/Library/Frameworks/Carbon.framework/Versions/A/Frameworks/Print.framework/Versions/A/Print
0x0000000006af1000 	/System/Library/Frameworks/Carbon.framework/Versions/A/Frameworks/SecurityHI.framework/Versions/A/SecurityHI
0x000000011ef54000 	/Library/Java/JavaVirtualMachines/jdk1.8.0_60.jdk/Contents/Home/jre/lib/libprism_es2.dylib
0x0000000006af1000 	/System/Library/Frameworks/OpenGL.framework/Versions/A/Resources/GLEngine.bundle/GLEngine
0x0000000006af1000 	/System/Library/Frameworks/OpenGL.framework/Versions/A/Libraries/libGLProgrammability.dylib
0x000000011efd6000 	/System/Library/Extensions/AppleIntelHD4000GraphicsGLDriver.bundle/Contents/MacOS/AppleIntelHD4000GraphicsGLDriver
0x0000000006af1000 	/System/Library/PrivateFrameworks/GPUSupport.framework/Versions/A/Libraries/libGPUSupportMercury.dylib
0x0000000000000000 	/System/Library/Extensions/GeForceGLDriver.bundle/Contents/MacOS/GeForceGLDriver
0x0000000006af1000 	/System/Library/Extensions/GeForceGLDriver.bundle/Contents/MacOS/libclh.dylib
0x0000000006af1000 	/System/Library/Frameworks/OpenGL.framework/Versions/A/Resources/GLRendererFloat.bundle/GLRendererFloat
0x0000000006af1000 	/System/Library/Frameworks/OpenCL.framework/Versions/A/Libraries/libcldcpuengine.dylib
0x0000000006af1000 	/System/Library/PrivateFrameworks/DiskImages.framework/Versions/A/DiskImages
0x0000000006af1000 	/System/Library/Frameworks/DiscRecording.framework/Versions/A/DiscRecording
0x0000000006af1000 	/usr/lib/libcsfde.dylib
0x0000000006af1000 	/usr/lib/libcurl.4.dylib
0x0000000006af1000 	/System/Library/PrivateFrameworks/MediaKit.framework/Versions/A/MediaKit
0x0000000006af1000 	/System/Library/PrivateFrameworks/ProtectedCloudStorage.framework/Versions/A/ProtectedCloudStorage
0x0000000006af1000 	/usr/lib/libCoreStorage.dylib
0x0000000006af1000 	/System/Library/PrivateFrameworks/EFILogin.framework/Versions/A/EFILogin
0x0000000006af1000 	/usr/lib/libutil.dylib
0x0000000006af1000 	/System/Library/PrivateFrameworks/FindMyDevice.framework/Versions/A/FindMyDevice
0x0000000006af1000 	/System/Library/Frameworks/LDAP.framework/Versions/A/LDAP
0x0000000006af1000 	/usr/lib/libsasl2.2.dylib
0x0000000006af1000 	/System/Library/PrivateFrameworks/CoreDaemon.framework/Versions/B/CoreDaemon
0x0000000006af1000 	/usr/lib/libcrypto.0.9.8.dylib
0x0000000006af1000 	/System/Library/PrivateFrameworks/AppleSRP.framework/Versions/A/AppleSRP
0x0000000006af1000 	/System/Library/PrivateFrameworks/TrustEvaluationAgent.framework/Versions/A/TrustEvaluationAgent
0x000000011f90f000 	/Library/Java/JavaVirtualMachines/jdk1.8.0_60.jdk/Contents/Home/jre/lib/libglass.dylib
0x0000000006af1000 	/System/Library/PrivateFrameworks/CoreServicesInternal.framework/Versions/A/CoreServicesInternal
0x0000000006af1000 	/System/Library/CoreServices/RawCamera.bundle/Contents/MacOS/RawCamera
0x0000000006af1000 	/System/Library/Frameworks/CoreGraphics.framework/Versions/A/Resources/libRIP.A.dylib
0x0000000006af1000 	/System/Library/Frameworks/Accelerate.framework/Versions/A/Frameworks/vImage.framework/Versions/A/Libraries/libCGInterfaces.dylib
0x0000000006af1000 	/System/Library/PrivateFrameworks/FamilyControls.framework/Versions/A/FamilyControls
0x0000000006af1000 	/System/Library/PrivateFrameworks/CommerceKit.framework/Versions/A/Frameworks/CommerceCore.framework/Versions/A/CommerceCore
0x0000000006af1000 	/System/Library/PrivateFrameworks/SystemAdministration.framework/Versions/A/SystemAdministration
0x0000000006af1000 	/System/Library/PrivateFrameworks/AppContainer.framework/Versions/A/AppContainer
0x0000000006af1000 	/System/Library/PrivateFrameworks/SecCodeWrapper.framework/Versions/A/SecCodeWrapper
0x0000000006af1000 	/System/Library/Frameworks/DirectoryService.framework/Versions/A/DirectoryService
0x0000000006af1000 	/System/Library/PrivateFrameworks/LoginUIKit.framework/Versions/A/Frameworks/LoginUICore.framework/Versions/A/LoginUICore
0x0000000006af1000 	/usr/lib/libodfde.dylib
0x000000012305b000 	/Library/Java/JavaVirtualMachines/jdk1.8.0_60.jdk/Contents/Home/jre/lib/libosx.dylib
0x0000000123069000 	/Library/Java/JavaVirtualMachines/jdk1.8.0_60.jdk/Contents/Home/jre/lib/./libosxapp.dylib
0x0000000006af1000 	/System/Library/Frameworks/ExceptionHandling.framework/Versions/A/ExceptionHandling
0x00000001230ab000 	/Library/Java/JavaVirtualMachines/jdk1.8.0_60.jdk/Contents/Home/jre/lib/libjavafx_font.dylib
0x0000000006af1000 	/System/Library/Frameworks/CoreGraphics.framework/Versions/A/Resources/libCGXType.A.dylib
0x00000001273aa000 	cl_kernels
0x0000000006af1000 	/System/Library/Frameworks/OpenCL.framework/Versions/A/Libraries/ImageFormats/unorm8_bgra.dylib
0x0000000006af1000 	/System/Library/Frameworks/OpenCL.framework/Versions/A/Libraries/ImageFormats/unorm8_rgba.dylib
0x00000001282d3000 	/Library/Java/JavaVirtualMachines/jdk1.8.0_60.jdk/Contents/Home/jre/lib/libjfxwebkit.dylib
0x000000012a7a0000 	/Library/Java/JavaVirtualMachines/jdk1.8.0_60.jdk/Contents/Home/jre/lib/libnet.dylib
0x0000000000000000 	/System/Library/Extensions/GeForceMTLDriver.bundle/Contents/MacOS/GeForceMTLDriver
0x000000012b125000 	/System/Library/Extensions/AppleIntelHD4000GraphicsMTLDriver.bundle/Contents/MacOS/AppleIntelHD4000GraphicsMTLDriver
0x00000001206bd000 	/Library/Java/JavaVirtualMachines/jdk1.8.0_60.jdk/Contents/Home/jre/lib/libnio.dylib
0x0000000120724000 	/Library/Java/JavaVirtualMachines/jdk1.8.0_60.jdk/Contents/Home/jre/lib/libprism_common.dylib

VM Arguments:
jvm_args: -Xverify:none -Dbrowser.rootdir=/Users/antonepple/Documents/Projekte/javaone2015/match3/client/src/main/webapp/ -Dnetbeans.inspect.port=49403 -Ddebug=false 
java_command: com.dukescript.match3.Main
java_class_path (initial): /Users/antonepple/Documents/Projekte/javaone2015/match3/client/target/test-classes:/Users/antonepple/Documents/Projekte/javaone2015/match3/client/target/classes:/Users/antonepple/.m2/repository/org/netbeans/html/net.java.html/1.2.3/net.java.html-1.2.3.jar:/Users/antonepple/.m2/repository/org/netbeans/html/net.java.html.json/1.2.3/net.java.html.json-1.2.3.jar:/Users/antonepple/.m2/repository/org/netbeans/html/net.java.html.boot/1.2.3/net.java.html.boot-1.2.3.jar:/Users/antonepple/.m2/repository/org/netbeans/html/net.java.html.sound/1.2.3/net.java.html.sound-1.2.3.jar:/Users/antonepple/.m2/repository/org/netbeans/html/ko4j/1.2.3/ko4j-1.2.3.jar:/Users/antonepple/.m2/repository/org/testng/testng/6.8.8/testng-6.8.8.jar:/Users/antonepple/.m2/repository/org/beanshell/bsh/2.0b4/bsh-2.0b4.jar:/Users/antonepple/.m2/repository/com/beust/jcommander/1.27/jcommander-1.27.jar:/Users/antonepple/.m2/repository/org/netbeans/html/net.java.html.boot.script/1.2.3/net.java.html.boot.script-1.2.3.jar:/Users/antonepple/.m2/repository/com/dukescript/match3-js/1.0-SNAPSHOT/match3-js-1.0-SNAPSHOT.jar:/Users/antonepple/.m2/repository/org/netbeans/html/net.java.html.boot.fx/1.2.3/net.java.html.boot.fx-1.2.3.jar:/Library/Java/JavaVirtualMachines/jdk1.8.0_60.jdk/Contents/Home/jre/lib/ext/jfxrt.jar:/Users/antonepple/.m2/repository/junit/junit/4.12/junit-4.12.jar:/Users/antonepple/.m2/repository/org/hamcrest/hamcrest-core/1.3/hamcrest-core-1.3.jar
Launcher Type: SUN_STANDARD

Environment Variables:
JAVA_HOME=/Library/Java/JavaVirtualMachines/jdk1.8.0_60.jdk/Contents/Home
PATH=/usr/bin:/bin:/usr/sbin:/sbin
SHELL=/bin/bash

Signal Handlers:
SIGSEGV: [libjvm.dylib+0x5a6d31], sa_mask[0]=11111111011111110111111111111111, sa_flags=SA_ONSTACK|SA_RESTART|SA_SIGINFO
SIGBUS: [libjvm.dylib+0x5a6d31], sa_mask[0]=11111111011111110111111111111111, sa_flags=SA_RESTART|SA_SIGINFO
SIGFPE: [libjvm.dylib+0x480a4c], sa_mask[0]=11111111011111110111111111111111, sa_flags=SA_RESTART|SA_SIGINFO
SIGPIPE: [libjvm.dylib+0x480a4c], sa_mask[0]=11111111011111110111111111111111, sa_flags=SA_RESTART|SA_SIGINFO
SIGXFSZ: [libjvm.dylib+0x480a4c], sa_mask[0]=11111111011111110111111111111111, sa_flags=SA_RESTART|SA_SIGINFO
SIGILL: [libjvm.dylib+0x480a4c], sa_mask[0]=11111111011111110111111111111111, sa_flags=SA_RESTART|SA_SIGINFO
SIGUSR1: SIG_DFL, sa_mask[0]=00000000000000000000000000000000, sa_flags=none
SIGUSR2: [libjvm.dylib+0x48056a], sa_mask[0]=00100000000000000000000000000000, sa_flags=SA_RESTART|SA_SIGINFO
SIGHUP: [libjvm.dylib+0x47eb41], sa_mask[0]=11111111011111110111111111111111, sa_flags=SA_RESTART|SA_SIGINFO
SIGINT: SIG_IGN, sa_mask[0]=00000000000000000000000000000000, sa_flags=none
SIGTERM: [libjvm.dylib+0x47eb41], sa_mask[0]=11111111011111110111111111111111, sa_flags=SA_RESTART|SA_SIGINFO
SIGQUIT: [libjvm.dylib+0x47eb41], sa_mask[0]=11111111011111110111111111111111, sa_flags=SA_RESTART|SA_SIGINFO


---------------  S Y S T E M  ---------------

OS:Bsduname:Darwin 15.0.0 Darwin Kernel Version 15.0.0: Wed Aug 26 16:57:32 PDT 2015; root:xnu-3247.1.106~1/RELEASE_X86_64 x86_64
rlimit: STACK 8192k, CORE 0k, NPROC 709, NOFILE 10240, AS infinity
load average:5.93 5.32 5.26

CPU:total 8 (4 cores per cpu, 2 threads per core) family 6 model 58 stepping 9, cmov, cx8, fxsr, mmx, sse, sse2, sse3, ssse3, sse4.1, sse4.2, popcnt, avx, aes, clmul, erms, ht, tsc, tscinvbit, tscinv

Memory: 4k page, physical 16777216k(695204k free)

/proc/meminfo:


vm_info: Java HotSpot(TM) 64-Bit Server VM (25.60-b23) for bsd-amd64 JRE (1.8.0_60-b27), built on Aug  4 2015 10:47:24 by "java_re" with gcc 4.2.1 (Based on Apple Inc. build 5658) (LLVM build 2336.11.00)

time: Sat Oct 24 13:38:46 2015
elapsed time: 28 seconds (0d 0h 0m 28s)

